::1 - - [05/Aug/2016:22:45:38 +0400] "GET /wp-content/themes/spacious/genericons/genericons.css?ver=3.3.1 HTTP/1.1" 200 27524
::1 - - [05/Aug/2016:22:45:38 +0400] "GET /wp-content/uploads/2015/10/chess.jpg HTTP/1.1" 200 325228
::1 - - [05/Aug/2016:22:45:38 +0400] "GET /wp-content/themes/spacious/style.css?ver=4.3.1 HTTP/1.1" 200 42563
::1 - - [05/Aug/2016:22:45:38 +0400] "GET /wp-content/themes/spacious/js/spacious-custom.js?ver=4.3.1 HTTP/1.1" 200 398
::1 - - [05/Aug/2016:22:45:38 +0400] "GET /wp-includes/js/jquery/jquery-migrate.min.js?ver=1.2.1 HTTP/1.1" 200 7199
::1 - - [05/Aug/2016:22:45:38 +0400] "GET /wp-includes/js/jquery/jquery.js?ver=1.11.3 HTTP/1.1" 200 95977
::1 - - [05/Aug/2016:22:45:38 +0400] "GET /wp-includes/js/wp-emoji-release.min.js?ver=4.3.1 HTTP/1.1" 200 15930
::1 - - [05/Aug/2016:22:45:38 +0400] "GET /wp-content/uploads/2015/10/book1.jpg HTTP/1.1" 200 465223
::1 - - [05/Aug/2016:22:45:38 +0400] "GET /wp-content/uploads/2015/10/time.png HTTP/1.1" 200 3542
::1 - - [05/Aug/2016:22:45:38 +0400] "GET /wp-content/uploads/2015/10/support.png HTTP/1.1" 200 6993
::1 - - [05/Aug/2016:22:45:38 +0400] "GET /wp-content/uploads/2015/10/responsive1.png HTTP/1.1" 200 3635
::1 - - [05/Aug/2016:22:45:38 +0400] "GET /wp-content/uploads/2015/10/mac-642x300.jpg HTTP/1.1" 200 42237
::1 - - [05/Aug/2016:22:45:36 +0400] "GET / HTTP/1.1" 200 21385
::1 - - [05/Aug/2016:22:45:38 +0400] "GET /wp-content/themes/spacious/js/navigation.js?ver=4.3.1 HTTP/1.1" 200 930
::1 - - [05/Aug/2016:22:45:38 +0400] "GET /wp-content/themes/spacious/js/jquery.cycle.all.min.js?ver=3.0.3 HTTP/1.1" 200 26580
::1 - - [05/Aug/2016:22:45:38 +0400] "GET /wp-content/themes/spacious/js/spacious-slider-setting.js?ver=4.3.1 HTTP/1.1" 200 558
::1 - - [05/Aug/2016:22:45:39 +0400] "GET /favicon.ico HTTP/1.1" 404 311
::1 - - [05/Aug/2016:22:45:47 +0400] "GET /wp-admin HTTP/1.1" 301 341
::1 - - [05/Aug/2016:22:45:47 +0400] "GET /wp-admin/ HTTP/1.1" 302 -
::1 - - [05/Aug/2016:22:45:47 +0400] "GET /wp-login.php?redirect_to=http%3A%2F%2Flocalhost%3A9321%2Fwp-admin%2F&reauth=1 HTTP/1.1" 200 2680
::1 - - [05/Aug/2016:22:45:48 +0400] "GET /wp-includes/css/buttons.min.css?ver=4.3.1 HTTP/1.1" 200 6048
::1 - - [05/Aug/2016:22:45:48 +0400] "GET /wp-admin/css/login.min.css?ver=4.3.1 HTTP/1.1" 200 24200
::1 - - [05/Aug/2016:22:45:48 +0400] "GET /wp-includes/css/dashicons.min.css?ver=4.3.1 HTTP/1.1" 200 46120
::1 - - [05/Aug/2016:22:45:48 +0400] "GET /wp-admin/images/wordpress-logo.svg?ver=20131107 HTTP/1.1" 200 1521
::1 - - [05/Aug/2016:22:45:53 +0400] "POST /wp-login.php HTTP/1.1" 302 -
::1 - - [05/Aug/2016:22:45:58 +0400] "GET /wp-includes/js/thickbox/thickbox.css?ver=4.3.1 HTTP/1.1" 200 2148
::1 - - [05/Aug/2016:22:45:58 +0400] "GET /wp-admin/load-scripts.php?c=1&load%5B%5D=jquery-core,jquery-migrate,utils&ver=4.3.1 HTTP/1.1" 200 40132
::1 - - [05/Aug/2016:22:45:58 +0400] "GET /wp-admin/load-styles.php?c=1&dir=ltr&load=dashicons,admin-bar,wp-admin,buttons,wp-auth-check&ver=4.3.1 HTTP/1.1" 200 87908
::1 - - [05/Aug/2016:22:45:53 +0400] "GET /wp-admin/ HTTP/1.1" 200 54466
::1 - - [05/Aug/2016:22:45:58 +0400] "GET /wp-includes/css/editor.min.css?ver=4.3.1 HTTP/1.1" 200 25394
::1 - - [05/Aug/2016:22:45:58 +0400] "GET /wp-admin/load-scripts.php?c=1&load%5B%5D=hoverIntent,common,admin-bar,wp-ajax-response,jquery-color,wp-lists,quicktags,jquery-query,admin-comments,jquery-ui-core,jquery-&load%5B%5D=ui-widget,jquery-ui-mouse,jquery-ui-sortable,postbox,dashboard,underscore,customize-base,customize-loader,thickbox,plugin-instal&load%5B%5D=l,shortcode,media-upload,svg-painter,heartbeat,wp-auth-check,wplink&ver=4.3.1 HTTP/1.1" 200 59824
::1 - - [05/Aug/2016:22:45:59 +0400] "GET /wp-includes/js/thickbox/loadingAnimation.gif HTTP/1.1" 200 15238
::1 - - [05/Aug/2016:22:45:59 +0400] "GET /wp-admin/admin-ajax.php?action=dashboard-widgets&widget=dashboard_primary&pagenow=dashboard HTTP/1.1" 200 1500
::1 - - [05/Aug/2016:22:46:24 +0400] "GET /wp-admin/load-styles.php?c=1&dir=ltr&load=dashicons,admin-bar,wp-admin,buttons&ver=4.3.1 HTTP/1.1" 200 87415
::1 - - [05/Aug/2016:22:46:24 +0400] "GET /wp-admin/load-scripts.php?c=1&load%5B%5D=jquery-core,jquery-migrate,utils,underscore,wp-util,wp-a11y,updates&ver=4.3.1 HTTP/1.1" 200 48527
::1 - - [05/Aug/2016:22:46:22 +0400] "GET /wp-admin/update-core.php HTTP/1.1" 200 28916
::1 - - [05/Aug/2016:22:46:25 +0400] "GET /wp-content/themes/spacious/screenshot.png HTTP/1.1" 200 441618
::1 - - [05/Aug/2016:22:46:25 +0400] "GET /wp-content/themes/twentyfifteen/screenshot.png HTTP/1.1" 200 376628
::1 - - [05/Aug/2016:22:46:25 +0400] "GET /wp-content/themes/twentyfourteen/screenshot.png HTTP/1.1" 200 617254
::1 - - [05/Aug/2016:22:46:25 +0400] "GET /wp-content/themes/twentythirteen/screenshot.png HTTP/1.1" 200 77773
::1 - - [05/Aug/2016:22:46:25 +0400] "GET /wp-admin/load-scripts.php?c=1&load%5B%5D=hoverIntent,common,admin-bar,thickbox,plugin-install,svg-painter&ver=4.3.1 HTTP/1.1" 200 13331
::1 - - [05/Aug/2016:22:48:55 +0400] "GET /wp-admin/update-core.php HTTP/1.1" 200 28916
::1 - - [05/Aug/2016:22:46:29 +0400] "POST /wp-admin/update-core.php?action=do-core-upgrade HTTP/1.1" 200 21509
::1 - - [05/Aug/2016:22:49:50 +0400] "POST /wp-admin/update-core.php?action=do-core-upgrade HTTP/1.1" 200 23676
::1 - - [05/Aug/2016:22:51:33 +0400] "GET /wp-admin/about.php?updated HTTP/1.1" 302 -
::1 - - [05/Aug/2016:22:51:34 +0400] "GET /wp-admin/upgrade.php?_wp_http_referer=%2Fwp-admin%2Fabout.php%3Fupdated HTTP/1.1" 200 1509
::1 - - [05/Aug/2016:22:51:35 +0400] "GET /wp-includes/css/buttons.min.css?ver=4.5.3 HTTP/1.1" 200 6361
::1 - - [05/Aug/2016:22:51:35 +0400] "GET /wp-admin/css/install.min.css?ver=4.5.3 HTTP/1.1" 200 5806
::1 - - [05/Aug/2016:22:51:40 +0400] "GET /wp-admin/upgrade.php?step=1&backto=%2Fwp-admin%2Fabout.php%3Fupdated HTTP/1.1" 200 1341
::1 - - [05/Aug/2016:22:51:45 +0400] "GET /wp-admin/load-scripts.php?c=0&load%5B%5D=jquery-core,jquery-migrate,utils&ver=4.5.3 HTTP/1.1" 200 109068
::1 - - [05/Aug/2016:22:51:45 +0400] "GET /wp-admin/load-styles.php?c=0&dir=ltr&load%5B%5D=dashicons,admin-bar,common,forms,admin-menu,dashboard,list-tables,edit,revisions,media,themes,about,nav-menus,widgets,site-icon,&load%5B%5D=l10n,buttons,wp-auth-check&ver=4.5.3 HTTP/1.1" 200 317627
::1 - - [05/Aug/2016:22:51:43 +0400] "GET /wp-admin/about.php?updated HTTP/1.1" 200 29581
::1 - - [05/Aug/2016:22:51:45 +0400] "GET /wp-includes/js/wp-emoji-release.min.js?ver=4.5.3 HTTP/1.1" 200 9802
::1 - - [05/Aug/2016:22:51:45 +0400] "GET /wp-admin/images/w-logo-white.png?ver=20160308 HTTP/1.1" 200 5395
::1 - - [05/Aug/2016:22:51:45 +0400] "GET /wp-admin/load-scripts.php?c=0&load%5B%5D=hoverIntent,common,admin-bar,underscore,customize-base,customize-loader,svg-painter,heartbeat,wp-auth-check&ver=4.5.3 HTTP/1.1" 200 61147
::1 - - [05/Aug/2016:22:51:45 +0400] "GET /wp-admin/images/wordpress-logo-white.svg?ver=20160308 HTTP/1.1" 200 1639
::1 - - [05/Aug/2016:22:51:45 +0400] "GET /wp-admin/admin-ajax.php?action=wp-compression-test&test=1&_ajax_nonce=27508f188c&1470423105946 HTTP/1.1" 200 1114
::1 - - [05/Aug/2016:22:51:46 +0400] "GET /wp-admin/admin-ajax.php?action=wp-compression-test&test=2&_ajax_nonce=27508f188c&1470423106367 HTTP/1.1" 200 572
::1 - - [05/Aug/2016:22:51:46 +0400] "GET /wp-admin/admin-ajax.php?action=wp-compression-test&test=yes&_ajax_nonce=27508f188c&1470423106759 HTTP/1.1" 200 1
::1 - - [05/Aug/2016:22:51:54 +0400] "GET /wp-includes/js/thickbox/thickbox.css?ver=4.5.3 HTTP/1.1" 200 2455
::1 - - [05/Aug/2016:22:51:54 +0400] "GET /wp-admin/load-scripts.php?c=1&load%5B%5D=jquery-core,jquery-migrate,utils&ver=4.5.3 HTTP/1.1" 200 41523
::1 - - [05/Aug/2016:22:51:54 +0400] "GET /wp-admin/load-styles.php?c=1&dir=ltr&load%5B%5D=dashicons,admin-bar,common,forms,admin-menu,dashboard,list-tables,edit,revisions,media,themes,about,nav-menus,widgets,site-icon,&load%5B%5D=l10n,buttons,wp-auth-check&ver=4.5.3 HTTP/1.1" 200 90176
::1 - - [05/Aug/2016:22:51:54 +0400] "GET /wp-includes/js/wp-emoji-release.min.js?ver=4.5.3 HTTP/1.1" 304 -
::1 - - [05/Aug/2016:22:51:54 +0400] "GET /wp-includes/css/editor.min.css?ver=4.5.3 HTTP/1.1" 200 27706
::1 - - [05/Aug/2016:22:51:53 +0400] "GET /wp-admin/ HTTP/1.1" 200 59355
::1 - - [05/Aug/2016:22:51:54 +0400] "GET /wp-admin/load-scripts.php?c=1&load%5B%5D=hoverIntent,common,admin-bar,wp-ajax-response,jquery-color,wp-lists,quicktags,jquery-query,admin-comments,jquery-ui-core,jquery-&load%5B%5D=ui-widget,jquery-ui-mouse,jquery-ui-sortable,postbox,dashboard,underscore,customize-base,customize-loader,thickbox,plugin-instal&load%5B%5D=l,shortcode,media-upload,svg-painter,heartbeat,wp-auth-check,wp-a11y,wplink,jquery-ui-position,jquery-ui-menu,jquery-ui-autocomp&load%5B%5D=lete&ver=4.5.3 HTTP/1.1" 200 70584
::1 - - [05/Aug/2016:22:52:05 +0400] "GET /wp-includes/js/thickbox/thickbox.css?ver=4.5.3 HTTP/1.1" 304 -
::1 - - [05/Aug/2016:22:52:04 +0400] "GET /wp-admin/themes.php HTTP/1.1" 200 42057
::1 - - [05/Aug/2016:22:52:05 +0400] "GET /wp-includes/js/wp-emoji-release.min.js?ver=4.5.3 HTTP/1.1" 304 -
::1 - - [05/Aug/2016:22:52:05 +0400] "GET /wp-admin/load-scripts.php?c=1&load%5B%5D=hoverIntent,common,admin-bar,thickbox,underscore,backbone,wp-util,wp-backbone,wp-a11y,theme,customize-base,customize-loader,svg-&load%5B%5D=painter,heartbeat,wp-auth-check&ver=4.5.3 HTTP/1.1" 200 41456
::1 - - [05/Aug/2016:22:52:13 +0400] "GET /wp-admin/load-styles.php?c=1&dir=ltr&load%5B%5D=dashicons,admin-bar,common,forms,admin-menu,dashboard,list-tables,edit,revisions,media,themes,about,nav-menus,widgets,site-icon,&load%5B%5D=l10n,buttons&ver=4.5.3 HTTP/1.1" 200 89590
::1 - - [05/Aug/2016:22:52:13 +0400] "GET /wp-admin/load-scripts.php?c=1&load%5B%5D=jquery-core,jquery-migrate,utils,underscore,wp-util,wp-a11y,updates&ver=4.5.3 HTTP/1.1" 200 50847
::1 - - [05/Aug/2016:22:52:12 +0400] "GET /wp-admin/update-core.php HTTP/1.1" 200 30140
::1 - - [05/Aug/2016:22:52:14 +0400] "GET /wp-admin/load-scripts.php?c=1&load%5B%5D=hoverIntent,common,admin-bar,jquery-ui-core,thickbox,plugin-install,svg-painter&ver=4.5.3 HTTP/1.1" 200 15611
::1 - - [05/Aug/2016:22:52:23 +0400] "GET /wp-includes/js/thickbox/thickbox.css?ver=4.5.3 HTTP/1.1" 304 -
::1 - - [05/Aug/2016:22:52:23 +0400] "POST /wp-admin/update-core.php?action=do-theme-upgrade HTTP/1.1" 200 23908
::1 - - [05/Aug/2016:22:52:23 +0400] "GET /wp-includes/js/wp-emoji-release.min.js?ver=4.5.3 HTTP/1.1" 304 -
::1 - - [05/Aug/2016:22:52:24 +0400] "GET /wp-admin/load-styles.php?c=1&dir=ltr&load%5B%5D=dashicons,common,forms,admin-menu,dashboard,list-tables,edit,revisions,media,themes,about,nav-menus,widgets,site-icon,l10n,butto&load%5B%5D=ns&ver=4.5.3 HTTP/1.1" 200 85909
::1 - - [05/Aug/2016:22:52:24 +0400] "GET /wp-admin/images/spinner.gif HTTP/1.1" 200 4162
::1 - - [05/Aug/2016:22:53:10 +0400] "GET /wp-includes/js/thickbox/thickbox.css?ver=4.5.3 HTTP/1.1" 304 -
::1 - - [05/Aug/2016:22:53:08 +0400] "GET /wp-admin/plugins.php HTTP/1.1" 200 35171
::1 - - [05/Aug/2016:22:53:10 +0400] "GET /wp-includes/js/wp-emoji-release.min.js?ver=4.5.3 HTTP/1.1" 304 -
::1 - - [05/Aug/2016:22:53:10 +0400] "GET /wp-admin/load-scripts.php?c=1&load%5B%5D=hoverIntent,common,admin-bar,jquery-ui-core,thickbox,plugin-install,svg-painter,heartbeat,wp-auth-check&ver=4.5.3 HTTP/1.1" 200 18131
::1 - - [05/Aug/2016:22:52:23 +0400] "GET /wp-admin/update.php?action=update-selected-themes&themes=spacious%2Ctwentyfifteen%2Ctwentyfourteen%2Ctwentythirteen&_wpnonce=1ed9469e67 HTTP/1.1" 200 10792
::1 - - [05/Aug/2016:22:53:13 +0400] "POST /wp-admin/admin-ajax.php HTTP/1.1" 200 151
::1 - - [05/Aug/2016:22:53:20 +0400] "GET /wp-content/themes/spacious/style.css?ver=4.5.3 HTTP/1.1" 200 44800
::1 - - [05/Aug/2016:22:53:20 +0400] "GET /wp-content/themes/spacious/js/spacious-custom.js?ver=4.5.3 HTTP/1.1" 200 442
::1 - - [05/Aug/2016:22:53:20 +0400] "GET /wp-includes/css/admin-bar.min.css?ver=4.5.3 HTTP/1.1" 200 19934
::1 - - [05/Aug/2016:22:53:20 +0400] "GET /wp-includes/css/dashicons.min.css?ver=4.5.3 HTTP/1.1" 200 46364
::1 - - [05/Aug/2016:22:53:20 +0400] "GET /wp-includes/js/jquery/jquery.js?ver=1.12.4 HTTP/1.1" 200 97184
::1 - - [05/Aug/2016:22:53:20 +0400] "GET /wp-includes/js/jquery/jquery-migrate.min.js?ver=1.4.1 HTTP/1.1" 200 10056
::1 - - [05/Aug/2016:22:53:21 +0400] "GET /wp-includes/js/admin-bar.min.js?ver=4.5.3 HTTP/1.1" 200 7190
::1 - - [05/Aug/2016:22:53:21 +0400] "GET /wp-content/themes/spacious/js/jquery.cycle2.swipe.min.js?ver=4.5.3 HTTP/1.1" 200 1237
::1 - - [05/Aug/2016:22:53:21 +0400] "GET /wp-content/themes/spacious/js/jquery.cycle2.min.js?ver=2.1.6 HTTP/1.1" 200 22953
::1 - - [05/Aug/2016:22:53:20 +0400] "GET / HTTP/1.1" 200 30203
::1 - - [05/Aug/2016:22:53:21 +0400] "GET /wp-content/themes/spacious/js/spacious-slider-setting.js?ver=4.5.3 HTTP/1.1" 200 452
::1 - - [05/Aug/2016:22:53:21 +0400] "GET /wp-content/themes/spacious/js/navigation.js?ver=4.5.3 HTTP/1.1" 200 994
::1 - - [05/Aug/2016:22:53:21 +0400] "GET /wp-includes/js/wp-embed.min.js?ver=4.5.3 HTTP/1.1" 200 1403
::1 - - [05/Aug/2016:22:53:39 +0400] "GET /wp-includes/js/wp-emoji-release.min.js?ver=4.5.3 HTTP/1.1" 304 -
::1 - - [05/Aug/2016:22:53:39 +0400] "GET /wp-content/themes/spacious/style.css?ver=4.5.3 HTTP/1.1" 304 -
::1 - - [05/Aug/2016:22:53:39 +0400] "GET /wp-includes/js/jquery/jquery-migrate.min.js?ver=1.4.1 HTTP/1.1" 304 -
::1 - - [05/Aug/2016:22:53:39 +0400] "GET /wp-includes/css/dashicons.min.css?ver=4.5.3 HTTP/1.1" 304 -
::1 - - [05/Aug/2016:22:53:39 +0400] "GET /wp-includes/css/admin-bar.min.css?ver=4.5.3 HTTP/1.1" 304 -
::1 - - [05/Aug/2016:22:53:39 +0400] "GET /wp-includes/js/jquery/jquery.js?ver=1.12.4 HTTP/1.1" 304 -
::1 - - [05/Aug/2016:22:53:39 +0400] "GET /wp-content/themes/spacious/js/spacious-custom.js?ver=4.5.3 HTTP/1.1" 304 -
::1 - - [05/Aug/2016:22:53:39 +0400] "GET /wp-content/themes/spacious/js/jquery.cycle2.swipe.min.js?ver=4.5.3 HTTP/1.1" 304 -
::1 - - [05/Aug/2016:22:53:39 +0400] "GET /wp-content/themes/spacious/js/jquery.cycle2.min.js?ver=2.1.6 HTTP/1.1" 304 -
::1 - - [05/Aug/2016:22:53:39 +0400] "GET /wp-content/themes/spacious/js/spacious-slider-setting.js?ver=4.5.3 HTTP/1.1" 304 -
::1 - - [05/Aug/2016:22:53:39 +0400] "GET /wp-content/themes/spacious/js/navigation.js?ver=4.5.3 HTTP/1.1" 304 -
::1 - - [05/Aug/2016:22:53:39 +0400] "GET /wp-includes/js/wp-embed.min.js?ver=4.5.3 HTTP/1.1" 304 -
::1 - - [05/Aug/2016:22:53:38 +0400] "GET / HTTP/1.1" 200 30203
::1 - - [05/Aug/2016:22:53:49 +0400] "GET /wp-content/themes/spacious/style.css?ver=4.5.3 HTTP/1.1" 304 -
::1 - - [05/Aug/2016:22:53:49 +0400] "GET /wp-content/themes/spacious/js/spacious-custom.js?ver=4.5.3 HTTP/1.1" 304 -
::1 - - [05/Aug/2016:22:53:50 +0400] "GET /wp-content/themes/spacious/js/navigation.js?ver=4.5.3 HTTP/1.1" 304 -
::1 - - [05/Aug/2016:22:53:48 +0400] "GET /index.php/category/tutorial/ HTTP/1.1" 200 57322
::1 - - [05/Aug/2016:22:53:53 +0400] "GET /wp-includes/js/comment-reply.min.js?ver=4.5.3 HTTP/1.1" 200 1078
::1 - - [05/Aug/2016:22:53:52 +0400] "GET /index.php/2014/07/27/bandwidth-theft-protection/ HTTP/1.1" 200 39312
::1 - - [05/Aug/2016:22:53:59 +0400] "GET /wp-includes/css/dashicons.min.css?ver=4.5.3 HTTP/1.1" 304 -
::1 - - [05/Aug/2016:22:53:59 +0400] "GET /wp-content/themes/spacious/js/spacious-custom.js?ver=4.5.3 HTTP/1.1" 304 -
::1 - - [05/Aug/2016:22:53:59 +0400] "GET /wp-includes/css/admin-bar.min.css?ver=4.5.3 HTTP/1.1" 304 -
::1 - - [05/Aug/2016:22:53:59 +0400] "GET /wp-includes/js/wp-emoji-release.min.js?ver=4.5.3 HTTP/1.1" 304 -
::1 - - [05/Aug/2016:22:53:59 +0400] "GET /wp-content/themes/spacious/style.css?ver=4.5.3 HTTP/1.1" 304 -
::1 - - [05/Aug/2016:22:53:59 +0400] "GET /wp-includes/js/jquery/jquery.js?ver=1.12.4 HTTP/1.1" 304 -
::1 - - [05/Aug/2016:22:53:59 +0400] "GET /wp-includes/js/jquery/jquery-migrate.min.js?ver=1.4.1 HTTP/1.1" 304 -
::1 - - [05/Aug/2016:22:54:00 +0400] "GET /wp-content/themes/spacious/js/navigation.js?ver=4.5.3 HTTP/1.1" 304 -
::1 - - [05/Aug/2016:22:54:00 +0400] "GET /wp-includes/js/wp-embed.min.js?ver=4.5.3 HTTP/1.1" 304 -
::1 - - [05/Aug/2016:22:53:59 +0400] "GET /index.php/2014/06/27/background-changing-of-image-using-photoshop-cs4-by-haneef-puttur-for-beginers/ HTTP/1.1" 200 40831
::1 - - [05/Aug/2016:23:03:37 +0400] "GET /wp-login.php?action=logout&_wpnonce=02ae63b244 HTTP/1.1" 302 -
::1 - - [05/Aug/2016:23:03:39 +0400] "GET /wp-login.php?loggedout=true HTTP/1.1" 200 2683
::1 - - [05/Aug/2016:23:03:39 +0400] "GET /wp-admin/load-styles.php?c=1&dir=ltr&load%5B%5D=dashicons,buttons,forms,l10n,login&ver=4.5.3 HTTP/1.1" 200 38435
