2016-08-05 22:44:52 7496 [Note] Plugin 'FEDERATED' is disabled.
2016-08-05 22:44:52 7496 [Note] InnoDB: Using atomics to ref count buffer pool pages
2016-08-05 22:44:52 7496 [Note] InnoDB: The InnoDB memory heap is disabled
2016-08-05 22:44:52 7496 [Note] InnoDB: Mutexes and rw_locks use Windows interlocked functions
2016-08-05 22:44:52 7496 [Note] InnoDB: Memory barrier is not used
2016-08-05 22:44:52 7496 [Note] InnoDB: Compressed tables use zlib 1.2.3
2016-08-05 22:44:52 7496 [Note] InnoDB: Not using CPU crc32 instructions
2016-08-05 22:44:52 7496 [Note] InnoDB: Initializing buffer pool, size = 128.0M
2016-08-05 22:44:52 7496 [Note] InnoDB: Completed initialization of buffer pool
2016-08-05 22:44:52 7496 [Note] InnoDB: Setting log file .\ib_logfile101 size to 48 MB
2016-08-05 22:44:54 7496 [Note] InnoDB: Setting log file .\ib_logfile1 size to 48 MB
2016-08-05 22:44:56 7496 [Note] InnoDB: Renaming log file .\ib_logfile101 to .\ib_logfile0
2016-08-05 22:44:56 7496 [Warning] InnoDB: New log files created, LSN=1603094
2016-08-05 22:44:56 7496 [Note] InnoDB: Highest supported file format is Barracuda.
2016-08-05 22:44:56 7496 [Note] InnoDB: 128 rollback segment(s) are active.
2016-08-05 22:44:56 7496 [Note] InnoDB: Waiting for purge to start
2016-08-05 22:44:56 7496 [Note] InnoDB: 5.6.20 started; log sequence number 1603596
2016-08-05 22:44:56 7496 [Note] Server hostname (bind-address): '*'; port: 9322
2016-08-05 22:44:56 7496 [Note] IPv6 is available.
2016-08-05 22:44:56 7496 [Note]   - '::' resolves to '::';
2016-08-05 22:44:56 7496 [Note] Server socket created on IP: '::'.
2016-08-05 22:44:56 7496 [Warning] InnoDB: Cannot open table mysql/slave_master_info from the internal data dictionary of InnoDB though the .frm file for the table exists. See http://dev.mysql.com/doc/refman/5.6/en/innodb-troubleshooting.html for how you can resolve the problem.
2016-08-05 22:44:56 7496 [Warning] Info table is not ready to be used. Table 'mysql.slave_master_info' cannot be opened.
2016-08-05 22:44:56 7496 [Warning] InnoDB: Cannot open table mysql/slave_worker_info from the internal data dictionary of InnoDB though the .frm file for the table exists. See http://dev.mysql.com/doc/refman/5.6/en/innodb-troubleshooting.html for how you can resolve the problem.
2016-08-05 22:44:56 7496 [Warning] InnoDB: Cannot open table mysql/slave_relay_log_info from the internal data dictionary of InnoDB though the .frm file for the table exists. See http://dev.mysql.com/doc/refman/5.6/en/innodb-troubleshooting.html for how you can resolve the problem.
2016-08-05 22:44:56 7496 [Warning] Info table is not ready to be used. Table 'mysql.slave_relay_log_info' cannot be opened.
2016-08-05 22:44:56 7496 [Note] Event Scheduler: Loaded 0 events
2016-08-05 22:44:56 7496 [Note] C:\Users\haneef.puttur\Desktop\portapress-master (1)\portapress-master\bin\database\mysql-5.6.20\bin\mysqld.exe: ready for connections.
Version: '5.6.20-log'  socket: ''  port: 9322  MySQL Community Server (GPL)
2016-08-05 23:03:53 7496 [Note] C:\Users\haneef.puttur\Desktop\portapress-master (1)\portapress-master\bin\database\mysql-5.6.20\bin\mysqld.exe: Normal shutdown

2016-08-05 23:03:53 7496 [Note] Giving 0 client threads a chance to die gracefully
2016-08-05 23:03:53 7496 [Note] Event Scheduler: Purging the queue. 0 events
2016-08-05 23:03:53 7496 [Note] Shutting down slave threads
2016-08-05 23:03:53 7496 [Note] Forcefully disconnecting 0 remaining clients
2016-08-05 23:03:53 7496 [Note] Binlog end
2016-08-05 23:03:53 7496 [Note] Shutting down plugin 'partition'
2016-08-05 23:03:53 7496 [Note] Shutting down plugin 'PERFORMANCE_SCHEMA'
2016-08-05 23:03:53 7496 [Note] Shutting down plugin 'INNODB_SYS_DATAFILES'
2016-08-05 23:03:53 7496 [Note] Shutting down plugin 'INNODB_SYS_TABLESPACES'
2016-08-05 23:03:53 7496 [Note] Shutting down plugin 'INNODB_SYS_FOREIGN_COLS'
2016-08-05 23:03:53 7496 [Note] Shutting down plugin 'INNODB_SYS_FOREIGN'
2016-08-05 23:03:53 7496 [Note] Shutting down plugin 'INNODB_SYS_FIELDS'
2016-08-05 23:03:53 7496 [Note] Shutting down plugin 'INNODB_SYS_COLUMNS'
2016-08-05 23:03:53 7496 [Note] Shutting down plugin 'INNODB_SYS_INDEXES'
2016-08-05 23:03:53 7496 [Note] Shutting down plugin 'INNODB_SYS_TABLESTATS'
2016-08-05 23:03:53 7496 [Note] Shutting down plugin 'INNODB_SYS_TABLES'
2016-08-05 23:03:53 7496 [Note] Shutting down plugin 'INNODB_FT_INDEX_TABLE'
2016-08-05 23:03:53 7496 [Note] Shutting down plugin 'INNODB_FT_INDEX_CACHE'
2016-08-05 23:03:53 7496 [Note] Shutting down plugin 'INNODB_FT_CONFIG'
2016-08-05 23:03:53 7496 [Note] Shutting down plugin 'INNODB_FT_BEING_DELETED'
2016-08-05 23:03:53 7496 [Note] Shutting down plugin 'INNODB_FT_DELETED'
2016-08-05 23:03:53 7496 [Note] Shutting down plugin 'INNODB_FT_DEFAULT_STOPWORD'
2016-08-05 23:03:53 7496 [Note] Shutting down plugin 'INNODB_METRICS'
2016-08-05 23:03:53 7496 [Note] Shutting down plugin 'INNODB_BUFFER_POOL_STATS'
2016-08-05 23:03:53 7496 [Note] Shutting down plugin 'INNODB_BUFFER_PAGE_LRU'
2016-08-05 23:03:53 7496 [Note] Shutting down plugin 'INNODB_BUFFER_PAGE'
2016-08-05 23:03:53 7496 [Note] Shutting down plugin 'INNODB_CMP_PER_INDEX_RESET'
2016-08-05 23:03:53 7496 [Note] Shutting down plugin 'INNODB_CMP_PER_INDEX'
2016-08-05 23:03:53 7496 [Note] Shutting down plugin 'INNODB_CMPMEM_RESET'
2016-08-05 23:03:53 7496 [Note] Shutting down plugin 'INNODB_CMPMEM'
2016-08-05 23:03:53 7496 [Note] Shutting down plugin 'INNODB_CMP_RESET'
2016-08-05 23:03:53 7496 [Note] Shutting down plugin 'INNODB_CMP'
2016-08-05 23:03:53 7496 [Note] Shutting down plugin 'INNODB_LOCK_WAITS'
2016-08-05 23:03:53 7496 [Note] Shutting down plugin 'INNODB_LOCKS'
2016-08-05 23:03:53 7496 [Note] Shutting down plugin 'INNODB_TRX'
2016-08-05 23:03:53 7496 [Note] Shutting down plugin 'InnoDB'
2016-08-05 23:03:53 7496 [Note] InnoDB: FTS optimize thread exiting.
2016-08-05 23:03:53 7496 [Note] InnoDB: Starting shutdown...
2016-08-05 23:03:55 7496 [Note] InnoDB: Shutdown completed; log sequence number 1603606
2016-08-05 23:03:55 7496 [Note] Shutting down plugin 'BLACKHOLE'
2016-08-05 23:03:55 7496 [Note] Shutting down plugin 'ARCHIVE'
2016-08-05 23:03:55 7496 [Note] Shutting down plugin 'MRG_MYISAM'
2016-08-05 23:03:55 7496 [Note] Shutting down plugin 'MyISAM'
2016-08-05 23:03:55 7496 [Note] Shutting down plugin 'MEMORY'
2016-08-05 23:03:55 7496 [Note] Shutting down plugin 'CSV'
2016-08-05 23:03:55 7496 [Note] Shutting down plugin 'sha256_password'
2016-08-05 23:03:55 7496 [Note] Shutting down plugin 'mysql_old_password'
2016-08-05 23:03:55 7496 [Note] Shutting down plugin 'mysql_native_password'
2016-08-05 23:03:55 7496 [Note] Shutting down plugin 'binlog'
2016-08-05 23:03:55 7496 [Note] C:\Users\haneef.puttur\Desktop\portapress-master (1)\portapress-master\bin\database\mysql-5.6.20\bin\mysqld.exe: Shutdown complete

2016-08-05 23:08:31 9124 [Note] Plugin 'FEDERATED' is disabled.
2016-08-05 23:08:31 9124 [Note] InnoDB: Using atomics to ref count buffer pool pages
2016-08-05 23:08:31 9124 [Note] InnoDB: The InnoDB memory heap is disabled
2016-08-05 23:08:31 9124 [Note] InnoDB: Mutexes and rw_locks use Windows interlocked functions
2016-08-05 23:08:31 9124 [Note] InnoDB: Memory barrier is not used
2016-08-05 23:08:31 9124 [Note] InnoDB: Compressed tables use zlib 1.2.3
2016-08-05 23:08:31 9124 [Note] InnoDB: Not using CPU crc32 instructions
2016-08-05 23:08:31 9124 [Note] InnoDB: Initializing buffer pool, size = 128.0M
2016-08-05 23:08:31 9124 [Note] InnoDB: Completed initialization of buffer pool
2016-08-05 23:08:31 9124 [Note] InnoDB: Highest supported file format is Barracuda.
2016-08-05 23:08:32 9124 [Note] InnoDB: 128 rollback segment(s) are active.
2016-08-05 23:08:32 9124 [Note] InnoDB: Waiting for purge to start
2016-08-05 23:08:32 9124 [Note] InnoDB: 5.6.20 started; log sequence number 1603606
2016-08-05 23:08:32 9124 [Note] Server hostname (bind-address): '*'; port: 9322
2016-08-05 23:08:32 9124 [Note] IPv6 is available.
2016-08-05 23:08:32 9124 [Note]   - '::' resolves to '::';
2016-08-05 23:08:32 9124 [Note] Server socket created on IP: '::'.
2016-08-05 23:08:32 9124 [Warning] InnoDB: Cannot open table mysql/slave_master_info from the internal data dictionary of InnoDB though the .frm file for the table exists. See http://dev.mysql.com/doc/refman/5.6/en/innodb-troubleshooting.html for how you can resolve the problem.
2016-08-05 23:08:32 9124 [Warning] Info table is not ready to be used. Table 'mysql.slave_master_info' cannot be opened.
2016-08-05 23:08:32 9124 [Warning] InnoDB: Cannot open table mysql/slave_worker_info from the internal data dictionary of InnoDB though the .frm file for the table exists. See http://dev.mysql.com/doc/refman/5.6/en/innodb-troubleshooting.html for how you can resolve the problem.
2016-08-05 23:08:32 9124 [Warning] InnoDB: Cannot open table mysql/slave_relay_log_info from the internal data dictionary of InnoDB though the .frm file for the table exists. See http://dev.mysql.com/doc/refman/5.6/en/innodb-troubleshooting.html for how you can resolve the problem.
2016-08-05 23:08:32 9124 [Warning] Info table is not ready to be used. Table 'mysql.slave_relay_log_info' cannot be opened.
2016-08-05 23:08:32 9124 [Note] Event Scheduler: Loaded 0 events
2016-08-05 23:08:32 9124 [Note] C:\Users\haneef.puttur\Documents\GitHub\portapress\bin\database\mysql-5.6.20\bin\mysqld.exe: ready for connections.
Version: '5.6.20-log'  socket: ''  port: 9322  MySQL Community Server (GPL)
